
> mh-construction-website@2.2.0 build
> next build

   ▲ Next.js 15.5.4
   - Environments: .env.local
   - Experiments (use with caution):
     ✓ optimizeCss

   Creating an optimized production build ...
 ✓ Compiled successfully in 36.9s
   Linting and checking validity of types ...
   Collecting page data ...
 ⚠ Using edge runtime on a page currently disables static generation for that page
   Generating static pages (0/27) ...
   Generating static pages (6/27) 
   Generating static pages (13/27) 
   Generating static pages (20/27) 
 ✓ Generating static pages (27/27)
   Finalizing page optimization ...
   Collecting build traces ...

Route (app)                                 Size  First Load JS
┌ ○ /                                    10.5 kB         532 kB
├ ○ /_not-found                            192 B         443 kB
├ ○ /about                               5.49 kB         527 kB
├ ○ /admin/performance                     472 B         443 kB
├ ○ /analytics-demo                        524 B         443 kB
├ ƒ /api/notifications/send                119 B         443 kB
├ ƒ /api/notifications/subscribe           118 B         443 kB
├ ƒ /api/notifications/unsubscribe         119 B         443 kB
├ ƒ /api/security/cloudflare               117 B         443 kB
├ ƒ /api/security/events                   119 B         443 kB
├ ƒ /api/security/status                   119 B         443 kB
├ ○ /booking                             4.46 kB         526 kB
├ ○ /careers                             3.77 kB         525 kB
├ ○ /contact                             5.05 kB         526 kB
├ ○ /demo/smart-recommendations          2.78 kB         524 kB
├ ○ /estimator                           3.12 kB         524 kB
├ ○ /government                          4.91 kB         526 kB
├ ƒ /icon                                  119 B         443 kB
├ ○ /projects                            8.11 kB         529 kB
├ ○ /robots.txt                            119 B         443 kB
├ ○ /security                            4.86 kB         448 kB
├ ○ /services                            5.95 kB         527 kB
├ ○ /sitemap.xml                           119 B         443 kB
├ ○ /team                                11.2 kB         533 kB
├ ○ /test                                  118 B         443 kB
└ ○ /trade-partners                      3.83 kB         525 kB
+ First Load JS shared by all             443 kB
  ├ chunks/4bd1b696-409494caf8c83275.js  54.2 kB
  ├ chunks/common-3bfebb82d0f35aa2.js      60 kB
  └ chunks/vendors-66c60991d1b80d0d.js    326 kB
  └ other shared chunks (total)          2.02 kB


○  (Static)   prerendered as static content
ƒ  (Dynamic)  server-rendered on demand

